<?xml version="1.0" encoding="UTF-8"?>
<!-- Generated by org.testng.reporters.JUnitReportReporter -->
<testsuite hostname="MBP-Kamil" failures="0" tests="6" name="lesson9_10_Selenium_PageObjectTests2_BaseTest.LoginTest" time="-1630876544.000" errors="1" timestamp="2021-09-05T17:15:49 EDT" skipped="5">
  <testcase classname="lesson9_10_Selenium_PageObjectTests2_BaseTest.LoginTest" name="loginTest_wrongCridentials1" time="0.000">
    <skipped/>
  </testcase> <!-- loginTest_wrongCridentials1 -->
  <system-out/>
  <testcase classname="lesson9_10_Selenium_PageObjectTests2_BaseTest.LoginTest" name="loginTest_wrongCridentials2" time="0.000">
    <skipped/>
  </testcase> <!-- loginTest_wrongCridentials2 -->
  <system-out/>
  <testcase classname="lesson9_10_Selenium_PageObjectTests2_BaseTest.LoginTest" name="startUp" time="-1630876544.000">
    <error message="
Parameter &#039;email&#039; is required by BeforeMethod on method startUp but has not been marked @Optional or defined
in /Users/kamilmaratovic/Library/Caches/JetBrains/IdeaIC2021.2/temp-testng-customsuite.xml" type="org.testng.TestNGException">
      <![CDATA[org.testng.TestNGException: 
Parameter 'email' is required by BeforeMethod on method startUp but has not been marked @Optional or defined
in /Users/kamilmaratovic/Library/Caches/JetBrains/IdeaIC2021.2/temp-testng-customsuite.xml
at org.testng.internal.Parameters.createParams(Parameters.java:270)
at org.testng.internal.Parameters.createParametersForMethod(Parameters.java:358)
at org.testng.internal.Parameters.createParameters(Parameters.java:700)
at org.testng.internal.Parameters.createConfigurationParameters(Parameters.java:168)
at org.testng.internal.ConfigInvoker.invokeConfigurations(ConfigInvoker.java:302)
at org.testng.internal.TestInvoker.runConfigMethods(TestInvoker.java:700)
at org.testng.internal.TestInvoker.invokeMethod(TestInvoker.java:527)
at org.testng.internal.TestInvoker.invokeTestMethod(TestInvoker.java:173)
at org.testng.internal.MethodRunner.runInSequence(MethodRunner.java:46)
at org.testng.internal.TestInvoker$MethodInvocationAgent.invoke(TestInvoker.java:824)
at org.testng.internal.TestInvoker.invokeTestMethods(TestInvoker.java:146)
at org.testng.internal.TestMethodWorker.invokeTestMethods(TestMethodWorker.java:146)
at org.testng.internal.TestMethodWorker.run(TestMethodWorker.java:128)
at java.base/java.util.ArrayList.forEach(ArrayList.java:1511)
at org.testng.TestRunner.privateRun(TestRunner.java:794)
at org.testng.TestRunner.run(TestRunner.java:596)
at org.testng.SuiteRunner.runTest(SuiteRunner.java:377)
at org.testng.SuiteRunner.runSequentially(SuiteRunner.java:371)
at org.testng.SuiteRunner.privateRun(SuiteRunner.java:332)
at org.testng.SuiteRunner.run(SuiteRunner.java:276)
at org.testng.SuiteRunnerWorker.runSuite(SuiteRunnerWorker.java:53)
at org.testng.SuiteRunnerWorker.run(SuiteRunnerWorker.java:96)
at org.testng.TestNG.runSuitesSequentially(TestNG.java:1212)
at org.testng.TestNG.runSuitesLocally(TestNG.java:1134)
at org.testng.TestNG.runSuites(TestNG.java:1063)
at org.testng.TestNG.run(TestNG.java:1031)
at com.intellij.rt.testng.IDEARemoteTestNG.run(IDEARemoteTestNG.java:66)
at com.intellij.rt.testng.RemoteTestNGStarter.main(RemoteTestNGStarter.java:109)
]]>
    </error>
  </testcase> <!-- startUp -->
  <system-out/>
  <testcase classname="lesson9_10_Selenium_PageObjectTests2_BaseTest.LoginTest" name="loginTest_correctCredentials2" time="0.000">
    <skipped/>
  </testcase> <!-- loginTest_correctCredentials2 -->
  <system-out/>
  <testcase classname="lesson9_10_Selenium_PageObjectTests2_BaseTest.LoginTest" name="loginTest_wrongCridentials">
    <skipped/>
  </testcase> <!-- loginTest_wrongCridentials -->
  <system-out/>
  <testcase classname="lesson9_10_Selenium_PageObjectTests2_BaseTest.LoginTest" name="loginTest_correctCredentials">
    <skipped/>
  </testcase> <!-- loginTest_correctCredentials -->
  <system-out/>
</testsuite> <!-- lesson9_10_Selenium_PageObjectTests2_BaseTest.LoginTest -->
